Using pre-set license
Built from '2020.3/staging' branch; Version is '2020.3.11f1 (99c7afb366b3) revision 10078127'; Using compiler version '192528614'; Build Type 'Release'
OS: 'Windows 10 Pro; OS build 19042.1052; Version 2009; 64bit' Language: 'en' Physical Memory: 32702 MB
BatchMode: 1, IsHumanControllingUs: 0, StartBugReporterOnCrash: 0, Is64bit: 1, IsPro: 0

 COMMAND LINE ARGUMENTS:
C:\Program Files\Unity\Hub\Editor\2020.3.11f1\Editor\Unity.exe
-adb2
-batchMode
-noUpm
-name
AssetImportWorker0
-projectPath
C:/Users/ofeka/Desktop/Job Related/Unity Projects/HeistGame
-logFile
Logs/AssetImportWorker0.log
-srvPort
57256
Successfully changed project path to: C:/Users/ofeka/Desktop/Job Related/Unity Projects/HeistGame
C:/Users/ofeka/Desktop/Job Related/Unity Projects/HeistGame
Using Asset Import Pipeline V2.
Refreshing native plugins compatible for Editor in 90.03 ms, found 2 plugins.
Preloading 0 native plugins for Editor in 0.00 ms.
Initialize engine version: 2020.3.11f1 (99c7afb366b3)
[Subsystems] Discovering subsystems at path C:/Program Files/Unity/Hub/Editor/2020.3.11f1/Editor/Data/Resources/UnitySubsystems
[Subsystems] Discovering subsystems at path C:/Users/ofeka/Desktop/Job Related/Unity Projects/HeistGame/Assets
GfxDevice: creating device client; threaded=0
Direct3D:
    Version:  Direct3D 11.0 [level 11.1]
    Renderer: NVIDIA GeForce RTX 2060 SUPER (ID=0x1f06)
    Vendor:   
    VRAM:     8031 MB
    Driver:   27.21.14.6259
Shader 'Universal Render Pipeline/Particles/Lit': fallback shader 'Universal Render Pipeline/Particles/SimpleLit' not found
Initialize mono
Mono path[0] = 'C:/Program Files/Unity/Hub/Editor/2020.3.11f1/Editor/Data/Managed'
Mono path[1] = 'C:/Program Files/Unity/Hub/Editor/2020.3.11f1/Editor/Data/MonoBleedingEdge/lib/mono/unityjit'
Mono config path = 'C:/Program Files/Unity/Hub/Editor/2020.3.11f1/Editor/Data/MonoBleedingEdge/etc'
Using monoOptions --debugger-agent=transport=dt_socket,embedding=1,server=y,suspend=n,address=127.0.0.1:56464
Begin MonoManager ReloadAssembly
Registering precompiled unity dll's ...
Register platform support module: C:/Program Files/Unity/Hub/Editor/2020.3.11f1/Editor/Data/PlaybackEngines/WindowsStandaloneSupport/UnityEditor.WindowsStandalone.Extensions.dll
Registered in 0.001851 seconds.
Native extension for WindowsStandalone target not found
Refreshing native plugins compatible for Editor in 69.46 ms, found 2 plugins.
Preloading 0 native plugins for Editor in 0.00 ms.
Mono: successfully reloaded assembly
- Completed reload, in  1.682 seconds
Platform modules already initialized, skipping
Registering precompiled user dll's ...
Registered in 0.004821 seconds.
Begin MonoManager ReloadAssembly
Native extension for WindowsStandalone target not found
Refreshing native plugins compatible for Editor in 73.23 ms, found 2 plugins.
Preloading 0 native plugins for Editor in 0.00 ms.
Mono: successfully reloaded assembly
- Completed reload, in  1.737 seconds
Platform modules already initialized, skipping
========================================================================
Worker process is ready to serve import requests
Shader 'Universal Render Pipeline/Particles/Lit': fallback shader 'Universal Render Pipeline/Particles/SimpleLit' not found
Launched and connected shader compiler UnityShaderCompiler.exe after 0.04 seconds
Refreshing native plugins compatible for Editor in 1.03 ms, found 2 plugins.
Preloading 0 native plugins for Editor in 0.00 ms.
Unloading 3309 Unused Serialized files (Serialized files now loaded: 0)
System memory in use before: 153.8 MB.
System memory in use after: 153.6 MB.

Unloading 123 unused Assets to reduce memory usage. Loaded Objects now: 3740.
Total: 3.974800 ms (FindLiveObjects: 0.492400 ms CreateObjectMapping: 0.094300 ms MarkObjects: 3.049600 ms  DeleteObjects: 0.336500 ms)

========================================================================
Received Import Request.
  path: Assets/GabrielAguiarProductions/Unique_Lasers_Volume_1/Fonts
  artifactKey: Guid(ca0303db5d8cdc1479816c604e687331) Importer(815301076,1909f56bfc062723c751e8b465ee728b)
Start importing Assets/GabrielAguiarProductions/Unique_Lasers_Volume_1/Fonts using Guid(ca0303db5d8cdc1479816c604e687331) Importer(815301076,1909f56bfc062723c751e8b465ee728b)  -> (artifact id: '03cde01f918393d40f126c774b13904b') in 0.011523 seconds
  Import took 0.017125 seconds .

========================================================================
Received Import Request.
  Time since last request: 0.000217 seconds.
  path: Assets/GabrielAguiarProductions/Unique_Lasers_Volume_1/Scenes/TPS_Scene.unity
  artifactKey: Guid(338fe3d3b8c3578499e77b0b644290c4) Importer(815301076,1909f56bfc062723c751e8b465ee728b)
Start importing Assets/GabrielAguiarProductions/Unique_Lasers_Volume_1/Scenes/TPS_Scene.unity using Guid(338fe3d3b8c3578499e77b0b644290c4) Importer(815301076,1909f56bfc062723c751e8b465ee728b)  -> (artifact id: 'd4d907a1c47fd2d6a7a4fe4ff2affdff') in 0.014504 seconds
  Import took 0.019307 seconds .

========================================================================
Received Import Request.
  Time since last request: 0.141683 seconds.
  path: Assets/GabrielAguiarProductions/Unique_Lasers_Volume_1/Scenes/TPS_Scene_Mobile.unity
  artifactKey: Guid(323ba9dfc5703f54aa1db864c735baca) Importer(815301076,1909f56bfc062723c751e8b465ee728b)
Start importing Assets/GabrielAguiarProductions/Unique_Lasers_Volume_1/Scenes/TPS_Scene_Mobile.unity using Guid(323ba9dfc5703f54aa1db864c735baca) Importer(815301076,1909f56bfc062723c751e8b465ee728b)  -> (artifact id: 'e6dd2775ef0965593326d09a7d7bef74') in 0.008587 seconds
  Import took 0.015497 seconds .

